  Main.cpp
  Func.cpp
  FuncInfo.cpp
  pbPlots.cpp
D:\WK\Lab_14.5\14.5\pbPlots.cpp(126,31): warning C4244: 'argument': conversion from 'double' to 'const unsigned __int64', possible loss of data
D:\WK\Lab_14.5\14.5\pbPlots.cpp(148,50): warning C4244: 'argument': conversion from 'double' to 'const unsigned __int64', possible loss of data
D:\WK\Lab_14.5\14.5\pbPlots.cpp(190,42): warning C4244: 'argument': conversion from 'double' to 'const unsigned __int64', possible loss of data
D:\WK\Lab_14.5\14.5\pbPlots.cpp(192,30): warning C4244: 'argument': conversion from 'double' to 'const unsigned __int64', possible loss of data
D:\WK\Lab_14.5\14.5\pbPlots.cpp(194,39): warning C4244: 'argument': conversion from 'double' to 'const unsigned __int64', possible loss of data
D:\WK\Lab_14.5\14.5\pbPlots.cpp(214,80): warning C4244: 'argument': conversion from 'double' to 'const unsigned __int64', possible loss of data
D:\WK\Lab_14.5\14.5\pbPlots.cpp(220,55): warning C4244: 'argument': conversion from 'double' to 'const unsigned __int64', possible loss of data
D:\WK\Lab_14.5\14.5\pbPlots.cpp(229,30): warning C4244: 'argument': conversion from 'double' to 'const unsigned __int64', possible loss of data
D:\WK\Lab_14.5\14.5\pbPlots.cpp(232,44): warning C4244: 'argument': conversion from 'double' to 'const unsigned __int64', possible loss of data
D:\WK\Lab_14.5\14.5\pbPlots.cpp(233,41): warning C4244: 'argument': conversion from 'double' to 'const unsigned __int64', possible loss of data
D:\WK\Lab_14.5\14.5\pbPlots.cpp(246,55): warning C4244: 'argument': conversion from 'double' to 'const unsigned __int64', possible loss of data
D:\WK\Lab_14.5\14.5\pbPlots.cpp(263,42): warning C4244: 'argument': conversion from 'double' to 'const unsigned __int64', possible loss of data
D:\WK\Lab_14.5\14.5\pbPlots.cpp(265,30): warning C4244: 'argument': conversion from 'double' to 'const unsigned __int64', possible loss of data
D:\WK\Lab_14.5\14.5\pbPlots.cpp(267,39): warning C4244: 'argument': conversion from 'double' to 'const unsigned __int64', possible loss of data
D:\WK\Lab_14.5\14.5\pbPlots.cpp(287,80): warning C4244: 'argument': conversion from 'double' to 'const unsigned __int64', possible loss of data
D:\WK\Lab_14.5\14.5\pbPlots.cpp(294,55): warning C4244: 'argument': conversion from 'double' to 'const unsigned __int64', possible loss of data
D:\WK\Lab_14.5\14.5\pbPlots.cpp(303,30): warning C4244: 'argument': conversion from 'double' to 'const unsigned __int64', possible loss of data
D:\WK\Lab_14.5\14.5\pbPlots.cpp(306,44): warning C4244: 'argument': conversion from 'double' to 'const unsigned __int64', possible loss of data
D:\WK\Lab_14.5\14.5\pbPlots.cpp(307,41): warning C4244: 'argument': conversion from 'double' to 'const unsigned __int64', possible loss of data
D:\WK\Lab_14.5\14.5\pbPlots.cpp(320,55): warning C4244: 'argument': conversion from 'double' to 'const unsigned __int64', possible loss of data
D:\WK\Lab_14.5\14.5\pbPlots.cpp(370,35): warning C4244: 'argument': conversion from 'double' to 'const unsigned __int64', possible loss of data
D:\WK\Lab_14.5\14.5\pbPlots.cpp(371,55): warning C4244: 'argument': conversion from 'double' to 'const unsigned __int64', possible loss of data
D:\WK\Lab_14.5\14.5\pbPlots.cpp(372,49): warning C4244: 'argument': conversion from 'double' to 'const unsigned __int64', possible loss of data
D:\WK\Lab_14.5\14.5\pbPlots.cpp(376,19): warning C4244: 'argument': conversion from 'double' to 'const unsigned __int64', possible loss of data
D:\WK\Lab_14.5\14.5\pbPlots.cpp(408,33): warning C4244: 'argument': conversion from 'double' to 'const unsigned __int64', possible loss of data
D:\WK\Lab_14.5\14.5\pbPlots.cpp(411,29): warning C4244: 'argument': conversion from 'double' to 'const unsigned __int64', possible loss of data
D:\WK\Lab_14.5\14.5\pbPlots.cpp(419,29): warning C4244: 'argument': conversion from 'double' to 'const unsigned __int64', possible loss of data
D:\WK\Lab_14.5\14.5\pbPlots.cpp(503,73): warning C4244: 'argument': conversion from 'double' to 'const unsigned __int64', possible loss of data
D:\WK\Lab_14.5\14.5\pbPlots.cpp(532,65): warning C4244: 'argument': conversion from 'double' to 'const unsigned __int64', possible loss of data
D:\WK\Lab_14.5\14.5\pbPlots.cpp(553,36): warning C4244: 'argument': conversion from 'double' to 'const unsigned __int64', possible loss of data
D:\WK\Lab_14.5\14.5\pbPlots.cpp(554,36): warning C4244: 'argument': conversion from 'double' to 'const unsigned __int64', possible loss of data
D:\WK\Lab_14.5\14.5\pbPlots.cpp(567,65): warning C4244: 'argument': conversion from 'double' to 'const unsigned __int64', possible loss of data
D:\WK\Lab_14.5\14.5\pbPlots.cpp(658,32): warning C4244: 'argument': conversion from 'double' to 'const unsigned __int64', possible loss of data
D:\WK\Lab_14.5\14.5\pbPlots.cpp(665,32): warning C4244: 'argument': conversion from 'double' to 'const unsigned __int64', possible loss of data
D:\WK\Lab_14.5\14.5\pbPlots.cpp(725,20): warning C4244: 'argument': conversion from 'double' to 'const unsigned __int64', possible loss of data
D:\WK\Lab_14.5\14.5\pbPlots.cpp(766,30): warning C4244: 'argument': conversion from 'double' to 'const unsigned __int64', possible loss of data
D:\WK\Lab_14.5\14.5\pbPlots.cpp(768,45): warning C4244: 'argument': conversion from 'double' to 'const unsigned __int64', possible loss of data
D:\WK\Lab_14.5\14.5\pbPlots.cpp(784,30): warning C4244: 'argument': conversion from 'double' to 'const unsigned __int64', possible loss of data
D:\WK\Lab_14.5\14.5\pbPlots.cpp(786,45): warning C4244: 'argument': conversion from 'double' to 'const unsigned __int64', possible loss of data
D:\WK\Lab_14.5\14.5\pbPlots.cpp(802,44): warning C4244: 'argument': conversion from 'double' to 'const unsigned __int64', possible loss of data
D:\WK\Lab_14.5\14.5\pbPlots.cpp(817,22): warning C4244: 'argument': conversion from 'double' to 'const unsigned __int64', possible loss of data
D:\WK\Lab_14.5\14.5\pbPlots.cpp(818,22): warning C4244: 'argument': conversion from 'double' to 'const unsigned __int64', possible loss of data
D:\WK\Lab_14.5\14.5\pbPlots.cpp(863,22): warning C4244: 'argument': conversion from 'double' to 'const unsigned __int64', possible loss of data
D:\WK\Lab_14.5\14.5\pbPlots.cpp(864,22): warning C4244: 'argument': conversion from 'double' to 'const unsigned __int64', possible loss of data
D:\WK\Lab_14.5\14.5\pbPlots.cpp(925,44): warning C4244: 'argument': conversion from 'double' to 'const unsigned __int64', possible loss of data
D:\WK\Lab_14.5\14.5\pbPlots.cpp(971,46): warning C4244: 'argument': conversion from 'double' to 'const unsigned __int64', possible loss of data
D:\WK\Lab_14.5\14.5\pbPlots.cpp(1022,46): warning C4244: 'argument': conversion from 'double' to 'const unsigned __int64', possible loss of data
D:\WK\Lab_14.5\14.5\pbPlots.cpp(1090,57): warning C4244: 'argument': conversion from 'double' to 'const unsigned __int64', possible loss of data
D:\WK\Lab_14.5\14.5\pbPlots.cpp(1099,53): warning C4244: 'argument': conversion from 'double' to 'const unsigned __int64', possible loss of data
D:\WK\Lab_14.5\14.5\pbPlots.cpp(1116,36): warning C4244: 'argument': conversion from 'double' to 'const unsigned __int64', possible loss of data
D:\WK\Lab_14.5\14.5\pbPlots.cpp(1142,57): warning C4244: 'argument': conversion from 'double' to 'const unsigned __int64', possible loss of data
D:\WK\Lab_14.5\14.5\pbPlots.cpp(1176,39): warning C4244: '=': conversion from 'unsigned __int64' to 'double', possible loss of data
D:\WK\Lab_14.5\14.5\pbPlots.cpp(1199,68): warning C4244: 'argument': conversion from 'double' to 'const unsigned __int64', possible loss of data
D:\WK\Lab_14.5\14.5\pbPlots.cpp(1200,68): warning C4244: 'argument': conversion from 'double' to 'const unsigned __int64', possible loss of data
D:\WK\Lab_14.5\14.5\pbPlots.cpp(1230,32): warning C4244: 'argument': conversion from 'double' to 'const unsigned __int64', possible loss of data
D:\WK\Lab_14.5\14.5\pbPlots.cpp(1245,20): warning C4244: 'argument': conversion from 'double' to 'const unsigned __int64', possible loss of data
D:\WK\Lab_14.5\14.5\pbPlots.cpp(1258,37): warning C4244: 'argument': conversion from 'double' to 'const unsigned __int64', possible loss of data
D:\WK\Lab_14.5\14.5\pbPlots.cpp(1261,24): warning C4244: 'argument': conversion from 'double' to 'const unsigned __int64', possible loss of data
D:\WK\Lab_14.5\14.5\pbPlots.cpp(1268,35): warning C4244: 'argument': conversion from 'double' to 'const unsigned __int64', possible loss of data
D:\WK\Lab_14.5\14.5\pbPlots.cpp(1272,50): warning C4244: '=': conversion from 'unsigned __int64' to 'double', possible loss of data
D:\WK\Lab_14.5\14.5\pbPlots.cpp(1288,42): warning C4244: 'argument': conversion from 'double' to 'const unsigned __int64', possible loss of data
D:\WK\Lab_14.5\14.5\pbPlots.cpp(1290,25): warning C4244: 'argument': conversion from 'double' to 'const unsigned __int64', possible loss of data
D:\WK\Lab_14.5\14.5\pbPlots.cpp(1323,33): warning C4244: 'argument': conversion from 'double' to 'const unsigned __int64', possible loss of data
D:\WK\Lab_14.5\14.5\pbPlots.cpp(1325,50): warning C4244: 'argument': conversion from 'double' to 'const unsigned __int64', possible loss of data
D:\WK\Lab_14.5\14.5\pbPlots.cpp(1345,39): warning C4244: 'argument': conversion from 'double' to 'const unsigned __int64', possible loss of data
D:\WK\Lab_14.5\14.5\pbPlots.cpp(1373,42): warning C4244: 'argument': conversion from 'double' to 'const unsigned __int64', possible loss of data
D:\WK\Lab_14.5\14.5\pbPlots.cpp(1376,32): warning C4244: '=': conversion from 'unsigned __int64' to 'double', possible loss of data
D:\WK\Lab_14.5\14.5\pbPlots.cpp(1433,38): warning C4244: 'argument': conversion from 'double' to 'const unsigned __int64', possible loss of data
D:\WK\Lab_14.5\14.5\pbPlots.cpp(1443,38): warning C4244: 'argument': conversion from 'double' to 'const unsigned __int64', possible loss of data
D:\WK\Lab_14.5\14.5\pbPlots.cpp(1472,31): warning C4244: 'argument': conversion from 'unsigned __int64' to 'double', possible loss of data
D:\WK\Lab_14.5\14.5\pbPlots.cpp(1476,31): warning C4244: 'argument': conversion from 'unsigned __int64' to 'double', possible loss of data
D:\WK\Lab_14.5\14.5\pbPlots.cpp(1480,31): warning C4244: 'argument': conversion from 'unsigned __int64' to 'double', possible loss of data
D:\WK\Lab_14.5\14.5\pbPlots.cpp(1484,31): warning C4244: 'argument': conversion from 'unsigned __int64' to 'double', possible loss of data
D:\WK\Lab_14.5\14.5\pbPlots.cpp(1488,31): warning C4244: 'argument': conversion from 'unsigned __int64' to 'double', possible loss of data
D:\WK\Lab_14.5\14.5\pbPlots.cpp(1492,31): warning C4244: 'argument': conversion from 'unsigned __int64' to 'double', possible loss of data
D:\WK\Lab_14.5\14.5\pbPlots.cpp(1496,31): warning C4244: 'argument': conversion from 'unsigned __int64' to 'double', possible loss of data
D:\WK\Lab_14.5\14.5\pbPlots.cpp(1500,31): warning C4244: 'argument': conversion from 'unsigned __int64' to 'double', possible loss of data
D:\WK\Lab_14.5\14.5\pbPlots.cpp(1504,31): warning C4244: 'argument': conversion from 'unsigned __int64' to 'double', possible loss of data
D:\WK\Lab_14.5\14.5\pbPlots.cpp(1506,28): warning C4244: 'argument': conversion from 'double' to 'const unsigned __int64', possible loss of data
D:\WK\Lab_14.5\14.5\pbPlots.cpp(1512,28): warning C4244: 'argument': conversion from 'double' to 'const unsigned __int64', possible loss of data
D:\WK\Lab_14.5\14.5\pbPlots.cpp(1547,36): warning C4244: 'argument': conversion from 'double' to 'const unsigned __int64', possible loss of data
D:\WK\Lab_14.5\14.5\pbPlots.cpp(1553,36): warning C4244: 'argument': conversion from 'double' to 'const unsigned __int64', possible loss of data
D:\WK\Lab_14.5\14.5\pbPlots.cpp(1572,65): warning C4244: 'argument': conversion from 'double' to 'const unsigned __int64', possible loss of data
D:\WK\Lab_14.5\14.5\pbPlots.cpp(1608,28): warning C4244: 'argument': conversion from 'double' to 'const unsigned __int64', possible loss of data
D:\WK\Lab_14.5\14.5\pbPlots.cpp(1609,28): warning C4244: 'argument': conversion from 'double' to 'const unsigned __int64', possible loss of data
D:\WK\Lab_14.5\14.5\pbPlots.cpp(1610,29): warning C4244: 'argument': conversion from 'double' to 'const unsigned __int64', possible loss of data
D:\WK\Lab_14.5\14.5\pbPlots.cpp(1611,29): warning C4244: 'argument': conversion from 'double' to 'const unsigned __int64', possible loss of data
D:\WK\Lab_14.5\14.5\pbPlots.cpp(1618,12): warning C4244: 'argument': conversion from 'double' to 'const unsigned __int64', possible loss of data
D:\WK\Lab_14.5\14.5\pbPlots.cpp(1619,12): warning C4244: 'argument': conversion from 'double' to 'const unsigned __int64', possible loss of data
D:\WK\Lab_14.5\14.5\pbPlots.cpp(1623,13): warning C4244: 'argument': conversion from 'double' to 'const unsigned __int64', possible loss of data
D:\WK\Lab_14.5\14.5\pbPlots.cpp(1624,13): warning C4244: 'argument': conversion from 'double' to 'const unsigned __int64', possible loss of data
D:\WK\Lab_14.5\14.5\pbPlots.cpp(1629,65): warning C4244: 'argument': conversion from 'double' to 'const unsigned __int64', possible loss of data
D:\WK\Lab_14.5\14.5\pbPlots.cpp(1686,65): warning C4244: 'argument': conversion from 'double' to 'const unsigned __int64', possible loss of data
D:\WK\Lab_14.5\14.5\pbPlots.cpp(1695,29): warning C4244: 'argument': conversion from 'double' to 'const unsigned __int64', possible loss of data
D:\WK\Lab_14.5\14.5\pbPlots.cpp(1696,29): warning C4244: 'argument': conversion from 'double' to 'const unsigned __int64', possible loss of data
D:\WK\Lab_14.5\14.5\pbPlots.cpp(1750,53): warning C4244: 'argument': conversion from 'double' to 'const unsigned __int64', possible loss of data
D:\WK\Lab_14.5\14.5\pbPlots.cpp(1759,57): warning C4244: 'argument': conversion from 'double' to 'const unsigned __int64', possible loss of data
D:\WK\Lab_14.5\14.5\pbPlots.cpp(1828,39): warning C4244: 'argument': conversion from 'double' to 'const unsigned __int64', possible loss of data
D:\WK\Lab_14.5\14.5\pbPlots.cpp(1830,18): warning C4244: 'argument': conversion from 'double' to 'const unsigned __int64', possible loss of data
D:\WK\Lab_14.5\14.5\pbPlots.cpp(1831,18): warning C4244: 'argument': conversion from 'double' to 'const unsigned __int64', possible loss of data
D:\WK\Lab_14.5\14.5\pbPlots.cpp(1831,45): warning C4244: 'argument': conversion from 'double' to 'const unsigned __int64', possible loss of data
D:\WK\Lab_14.5\14.5\pbPlots.cpp(1833,20): warning C4244: 'argument': conversion from 'double' to 'const unsigned __int64', possible loss of data
D:\WK\Lab_14.5\14.5\pbPlots.cpp(1833,30): warning C4244: 'argument': conversion from 'double' to 'const unsigned __int64', possible loss of data
D:\WK\Lab_14.5\14.5\pbPlots.cpp(1848,27): warning C4244: 'argument': conversion from 'double' to 'const unsigned __int64', possible loss of data
D:\WK\Lab_14.5\14.5\pbPlots.cpp(1848,37): warning C4244: 'argument': conversion from 'double' to 'const unsigned __int64', possible loss of data
D:\WK\Lab_14.5\14.5\pbPlots.cpp(1850,25): warning C4244: 'argument': conversion from 'double' to 'const unsigned __int64', possible loss of data
D:\WK\Lab_14.5\14.5\pbPlots.cpp(1855,24): warning C4244: 'return': conversion from 'unsigned __int64' to 'double', possible loss of data
D:\WK\Lab_14.5\14.5\pbPlots.cpp(1863,38): warning C4244: '=': conversion from 'unsigned __int64' to 'double', possible loss of data
D:\WK\Lab_14.5\14.5\pbPlots.cpp(1870,18): warning C4244: 'argument': conversion from 'double' to 'const unsigned __int64', possible loss of data
D:\WK\Lab_14.5\14.5\pbPlots.cpp(1870,28): warning C4244: 'argument': conversion from 'double' to 'const unsigned __int64', possible loss of data
D:\WK\Lab_14.5\14.5\pbPlots.cpp(1871,18): warning C4244: 'argument': conversion from 'double' to 'const unsigned __int64', possible loss of data
D:\WK\Lab_14.5\14.5\pbPlots.cpp(1871,28): warning C4244: 'argument': conversion from 'double' to 'const unsigned __int64', possible loss of data
D:\WK\Lab_14.5\14.5\pbPlots.cpp(1872,18): warning C4244: 'argument': conversion from 'double' to 'const unsigned __int64', possible loss of data
D:\WK\Lab_14.5\14.5\pbPlots.cpp(1872,28): warning C4244: 'argument': conversion from 'double' to 'const unsigned __int64', possible loss of data
D:\WK\Lab_14.5\14.5\pbPlots.cpp(1873,18): warning C4244: 'argument': conversion from 'double' to 'const unsigned __int64', possible loss of data
D:\WK\Lab_14.5\14.5\pbPlots.cpp(1873,28): warning C4244: 'argument': conversion from 'double' to 'const unsigned __int64', possible loss of data
D:\WK\Lab_14.5\14.5\pbPlots.cpp(1887,23): warning C4244: 'argument': conversion from 'double' to 'const unsigned __int64', possible loss of data
D:\WK\Lab_14.5\14.5\pbPlots.cpp(1887,33): warning C4244: 'argument': conversion from 'double' to 'const unsigned __int64', possible loss of data
D:\WK\Lab_14.5\14.5\pbPlots.cpp(1888,23): warning C4244: 'argument': conversion from 'double' to 'const unsigned __int64', possible loss of data
D:\WK\Lab_14.5\14.5\pbPlots.cpp(1888,33): warning C4244: 'argument': conversion from 'double' to 'const unsigned __int64', possible loss of data
D:\WK\Lab_14.5\14.5\pbPlots.cpp(1889,23): warning C4244: 'argument': conversion from 'double' to 'const unsigned __int64', possible loss of data
D:\WK\Lab_14.5\14.5\pbPlots.cpp(1889,33): warning C4244: 'argument': conversion from 'double' to 'const unsigned __int64', possible loss of data
D:\WK\Lab_14.5\14.5\pbPlots.cpp(1890,23): warning C4244: 'argument': conversion from 'double' to 'const unsigned __int64', possible loss of data
D:\WK\Lab_14.5\14.5\pbPlots.cpp(1890,33): warning C4244: 'argument': conversion from 'double' to 'const unsigned __int64', possible loss of data
D:\WK\Lab_14.5\14.5\pbPlots.cpp(1898,18): warning C4244: 'argument': conversion from 'double' to 'const unsigned __int64', possible loss of data
D:\WK\Lab_14.5\14.5\pbPlots.cpp(1898,28): warning C4244: 'argument': conversion from 'double' to 'const unsigned __int64', possible loss of data
D:\WK\Lab_14.5\14.5\pbPlots.cpp(1899,18): warning C4244: 'argument': conversion from 'double' to 'const unsigned __int64', possible loss of data
D:\WK\Lab_14.5\14.5\pbPlots.cpp(1899,28): warning C4244: 'argument': conversion from 'double' to 'const unsigned __int64', possible loss of data
D:\WK\Lab_14.5\14.5\pbPlots.cpp(1900,18): warning C4244: 'argument': conversion from 'double' to 'const unsigned __int64', possible loss of data
D:\WK\Lab_14.5\14.5\pbPlots.cpp(1900,28): warning C4244: 'argument': conversion from 'double' to 'const unsigned __int64', possible loss of data
D:\WK\Lab_14.5\14.5\pbPlots.cpp(1901,18): warning C4244: 'argument': conversion from 'double' to 'const unsigned __int64', possible loss of data
D:\WK\Lab_14.5\14.5\pbPlots.cpp(1901,28): warning C4244: 'argument': conversion from 'double' to 'const unsigned __int64', possible loss of data
D:\WK\Lab_14.5\14.5\pbPlots.cpp(1936,55): warning C4244: 'argument': conversion from 'double' to 'const unsigned __int64', possible loss of data
D:\WK\Lab_14.5\14.5\pbPlots.cpp(1936,65): warning C4244: 'argument': conversion from 'double' to 'const unsigned __int64', possible loss of data
D:\WK\Lab_14.5\14.5\pbPlots.cpp(2103,41): warning C4244: 'argument': conversion from 'double' to 'const unsigned __int64', possible loss of data
D:\WK\Lab_14.5\14.5\pbPlots.cpp(2103,51): warning C4244: 'argument': conversion from 'double' to 'const unsigned __int64', possible loss of data
D:\WK\Lab_14.5\14.5\pbPlots.cpp(2110,23): warning C4244: 'argument': conversion from 'double' to 'const unsigned __int64', possible loss of data
D:\WK\Lab_14.5\14.5\pbPlots.cpp(2110,33): warning C4244: 'argument': conversion from 'double' to 'const unsigned __int64', possible loss of data
D:\WK\Lab_14.5\14.5\pbPlots.cpp(2119,23): warning C4244: 'argument': conversion from 'double' to 'const unsigned __int64', possible loss of data
D:\WK\Lab_14.5\14.5\pbPlots.cpp(2119,33): warning C4244: 'argument': conversion from 'double' to 'const unsigned __int64', possible loss of data
D:\WK\Lab_14.5\14.5\pbPlots.cpp(2120,45): warning C4244: 'argument': conversion from 'double' to 'const unsigned __int64', possible loss of data
D:\WK\Lab_14.5\14.5\pbPlots.cpp(2120,57): warning C4244: 'argument': conversion from 'double' to 'const unsigned __int64', possible loss of data
D:\WK\Lab_14.5\14.5\pbPlots.cpp(2449,23): warning C4244: 'argument': conversion from 'double' to 'unsigned __int64', possible loss of data
D:\WK\Lab_14.5\14.5\pbPlots.cpp(2473,25): warning C4244: 'argument': conversion from 'double' to 'unsigned __int64', possible loss of data
D:\WK\Lab_14.5\14.5\pbPlots.cpp(2488,31): warning C4244: 'argument': conversion from 'double' to 'unsigned __int64', possible loss of data
D:\WK\Lab_14.5\14.5\pbPlots.cpp(2515,31): warning C4244: 'argument': conversion from 'double' to 'unsigned __int64', possible loss of data
D:\WK\Lab_14.5\14.5\pbPlots.cpp(2536,31): warning C4244: 'argument': conversion from 'double' to 'unsigned __int64', possible loss of data
D:\WK\Lab_14.5\14.5\pbPlots.cpp(2557,31): warning C4244: 'argument': conversion from 'double' to 'unsigned __int64', possible loss of data
D:\WK\Lab_14.5\14.5\pbPlots.cpp(2569,31): warning C4244: 'argument': conversion from 'double' to 'unsigned __int64', possible loss of data
D:\WK\Lab_14.5\14.5\pbPlots.cpp(2605,19): warning C4244: '=': conversion from 'unsigned __int64' to 'double', possible loss of data
D:\WK\Lab_14.5\14.5\pbPlots.cpp(2606,29): warning C4244: '=': conversion from 'unsigned __int64' to 'double', possible loss of data
D:\WK\Lab_14.5\14.5\pbPlots.cpp(2630,26): warning C4244: 'argument': conversion from 'double' to 'const unsigned __int64', possible loss of data
D:\WK\Lab_14.5\14.5\pbPlots.cpp(2630,36): warning C4244: 'argument': conversion from 'double' to 'const unsigned __int64', possible loss of data
D:\WK\Lab_14.5\14.5\pbPlots.cpp(2632,40): warning C4244: 'argument': conversion from 'double' to 'const unsigned __int64', possible loss of data
D:\WK\Lab_14.5\14.5\pbPlots.cpp(2632,50): warning C4244: 'argument': conversion from 'double' to 'const unsigned __int64', possible loss of data
D:\WK\Lab_14.5\14.5\pbPlots.cpp(2633,40): warning C4244: 'argument': conversion from 'double' to 'const unsigned __int64', possible loss of data
D:\WK\Lab_14.5\14.5\pbPlots.cpp(2633,50): warning C4244: 'argument': conversion from 'double' to 'const unsigned __int64', possible loss of data
D:\WK\Lab_14.5\14.5\pbPlots.cpp(2634,40): warning C4244: 'argument': conversion from 'double' to 'const unsigned __int64', possible loss of data
D:\WK\Lab_14.5\14.5\pbPlots.cpp(2634,50): warning C4244: 'argument': conversion from 'double' to 'const unsigned __int64', possible loss of data
D:\WK\Lab_14.5\14.5\pbPlots.cpp(2675,33): warning C4244: 'argument': conversion from 'double' to 'const unsigned __int64', possible loss of data
D:\WK\Lab_14.5\14.5\pbPlots.cpp(2743,44): warning C4244: '=': conversion from 'unsigned __int64' to 'double', possible loss of data
D:\WK\Lab_14.5\14.5\pbPlots.cpp(2756,44): warning C4244: '=': conversion from 'unsigned __int64' to 'double', possible loss of data
D:\WK\Lab_14.5\14.5\pbPlots.cpp(2800,37): warning C4244: 'argument': conversion from 'double' to 'const unsigned __int64', possible loss of data
D:\WK\Lab_14.5\14.5\pbPlots.cpp(2901,58): warning C4244: 'argument': conversion from 'double' to 'const unsigned __int64', possible loss of data
D:\WK\Lab_14.5\14.5\pbPlots.cpp(2963,49): warning C4244: 'argument': conversion from 'double' to 'const unsigned __int64', possible loss of data
D:\WK\Lab_14.5\14.5\pbPlots.cpp(2969,24): warning C4244: 'argument': conversion from 'double' to 'const unsigned __int64', possible loss of data
D:\WK\Lab_14.5\14.5\pbPlots.cpp(2977,45): warning C4244: 'argument': conversion from 'double' to 'const unsigned __int64', possible loss of data
D:\WK\Lab_14.5\14.5\pbPlots.cpp(3002,14): warning C4244: 'argument': conversion from 'double' to 'const unsigned __int64', possible loss of data
D:\WK\Lab_14.5\14.5\pbPlots.cpp(3005,20): warning C4244: 'argument': conversion from 'double' to 'const unsigned __int64', possible loss of data
D:\WK\Lab_14.5\14.5\pbPlots.cpp(3025,49): warning C4244: 'argument': conversion from 'double' to 'const unsigned __int64', possible loss of data
D:\WK\Lab_14.5\14.5\pbPlots.cpp(3033,52): warning C4244: 'argument': conversion from 'double' to 'const unsigned __int64', possible loss of data
D:\WK\Lab_14.5\14.5\pbPlots.cpp(3036,36): warning C4244: 'argument': conversion from 'double' to 'const unsigned __int64', possible loss of data
D:\WK\Lab_14.5\14.5\pbPlots.cpp(3036,85): warning C4244: 'argument': conversion from 'double' to 'const unsigned __int64', possible loss of data
D:\WK\Lab_14.5\14.5\pbPlots.cpp(3044,53): warning C4244: 'argument': conversion from 'double' to 'const unsigned __int64', possible loss of data
D:\WK\Lab_14.5\14.5\pbPlots.cpp(3045,51): warning C4244: 'argument': conversion from 'double' to 'const unsigned __int64', possible loss of data
D:\WK\Lab_14.5\14.5\pbPlots.cpp(3059,12): warning C4244: 'argument': conversion from 'double' to 'const unsigned __int64', possible loss of data
D:\WK\Lab_14.5\14.5\pbPlots.cpp(3066,53): warning C4244: 'argument': conversion from 'double' to 'const unsigned __int64', possible loss of data
D:\WK\Lab_14.5\14.5\pbPlots.cpp(3074,55): warning C4244: 'argument': conversion from 'double' to 'const unsigned __int64', possible loss of data
D:\WK\Lab_14.5\14.5\pbPlots.cpp(3077,39): warning C4244: 'argument': conversion from 'double' to 'const unsigned __int64', possible loss of data
D:\WK\Lab_14.5\14.5\pbPlots.cpp(3077,88): warning C4244: 'argument': conversion from 'double' to 'const unsigned __int64', possible loss of data
D:\WK\Lab_14.5\14.5\pbPlots.cpp(3085,55): warning C4244: 'argument': conversion from 'double' to 'const unsigned __int64', possible loss of data
D:\WK\Lab_14.5\14.5\pbPlots.cpp(3096,35): warning C4244: 'argument': conversion from 'double' to 'const unsigned __int64', possible loss of data
D:\WK\Lab_14.5\14.5\pbPlots.cpp(3096,54): warning C4244: 'argument': conversion from 'double' to 'const unsigned __int64', possible loss of data
D:\WK\Lab_14.5\14.5\pbPlots.cpp(3099,53): warning C4244: 'argument': conversion from 'double' to 'const unsigned __int64', possible loss of data
D:\WK\Lab_14.5\14.5\pbPlots.cpp(3115,29): warning C4244: 'argument': conversion from 'double' to 'const unsigned __int64', possible loss of data
D:\WK\Lab_14.5\14.5\pbPlots.cpp(3115,48): warning C4244: 'argument': conversion from 'double' to 'const unsigned __int64', possible loss of data
D:\WK\Lab_14.5\14.5\pbPlots.cpp(3119,16): warning C4244: 'argument': conversion from 'double' to 'const unsigned __int64', possible loss of data
D:\WK\Lab_14.5\14.5\pbPlots.cpp(3122,22): warning C4244: 'argument': conversion from 'double' to 'const unsigned __int64', possible loss of data
D:\WK\Lab_14.5\14.5\pbPlots.cpp(3131,55): warning C4244: 'argument': conversion from 'double' to 'const unsigned __int64', possible loss of data
D:\WK\Lab_14.5\14.5\pbPlots.cpp(3139,55): warning C4244: 'argument': conversion from 'double' to 'const unsigned __int64', possible loss of data
D:\WK\Lab_14.5\14.5\pbPlots.cpp(3142,39): warning C4244: 'argument': conversion from 'double' to 'const unsigned __int64', possible loss of data
D:\WK\Lab_14.5\14.5\pbPlots.cpp(3142,88): warning C4244: 'argument': conversion from 'double' to 'const unsigned __int64', possible loss of data
D:\WK\Lab_14.5\14.5\pbPlots.cpp(3181,24): warning C4244: 'argument': conversion from 'double' to 'const unsigned __int64', possible loss of data
D:\WK\Lab_14.5\14.5\pbPlots.cpp(3197,24): warning C4244: 'argument': conversion from 'double' to 'const unsigned __int64', possible loss of data
D:\WK\Lab_14.5\14.5\pbPlots.cpp(3236,38): warning C4244: 'argument': conversion from 'double' to 'const unsigned __int64', possible loss of data
D:\WK\Lab_14.5\14.5\pbPlots.cpp(3239,17): warning C4244: 'argument': conversion from 'double' to 'const unsigned __int64', possible loss of data
D:\WK\Lab_14.5\14.5\pbPlots.cpp(3241,43): warning C4244: 'argument': conversion from 'double' to 'const unsigned __int64', possible loss of data
D:\WK\Lab_14.5\14.5\pbPlots.cpp(3481,27): warning C4244: 'argument': conversion from 'double' to 'const unsigned __int64', possible loss of data
D:\WK\Lab_14.5\14.5\pbPlots.cpp(3497,21): warning C4244: 'argument': conversion from 'double' to 'const unsigned __int64', possible loss of data
D:\WK\Lab_14.5\14.5\pbPlots.cpp(3630,29): warning C4244: 'argument': conversion from 'double' to 'const unsigned __int64', possible loss of data
D:\WK\Lab_14.5\14.5\pbPlots.cpp(3633,11): warning C4244: 'argument': conversion from 'double' to 'const unsigned __int64', possible loss of data
D:\WK\Lab_14.5\14.5\pbPlots.cpp(3635,15): warning C4244: 'argument': conversion from 'double' to 'const unsigned __int64', possible loss of data
D:\WK\Lab_14.5\14.5\pbPlots.cpp(3635,35): warning C4244: 'argument': conversion from 'double' to 'const unsigned __int64', possible loss of data
D:\WK\Lab_14.5\14.5\pbPlots.cpp(3635,50): warning C4244: 'argument': conversion from 'double' to 'const unsigned __int64', possible loss of data
D:\WK\Lab_14.5\14.5\pbPlots.cpp(3652,15): warning C4244: 'argument': conversion from 'double' to 'const unsigned __int64', possible loss of data
D:\WK\Lab_14.5\14.5\pbPlots.cpp(3652,31): warning C4244: 'argument': conversion from 'double' to 'const unsigned __int64', possible loss of data
D:\WK\Lab_14.5\14.5\pbPlots.cpp(3663,16): warning C4244: 'argument': conversion from 'double' to 'const unsigned __int64', possible loss of data
D:\WK\Lab_14.5\14.5\pbPlots.cpp(3663,31): warning C4244: 'argument': conversion from 'double' to 'const unsigned __int64', possible loss of data
D:\WK\Lab_14.5\14.5\pbPlots.cpp(3663,30): warning C4244: '=': conversion from '_Ty' to '_Ty', possible loss of data
          with
          [
              _Ty=double
          ]
          and
          [
              _Ty=wchar_t
          ]
D:\WK\Lab_14.5\14.5\pbPlots.cpp(3674,16): warning C4244: 'argument': conversion from 'double' to 'const unsigned __int64', possible loss of data
D:\WK\Lab_14.5\14.5\pbPlots.cpp(3674,28): warning C4244: 'argument': conversion from 'double' to 'const unsigned __int64', possible loss of data
D:\WK\Lab_14.5\14.5\pbPlots.cpp(3691,16): warning C4244: 'argument': conversion from 'double' to 'unsigned __int64', possible loss of data
D:\WK\Lab_14.5\14.5\pbPlots.cpp(3691,28): warning C4244: 'argument': conversion from 'double' to 'unsigned __int64', possible loss of data
D:\WK\Lab_14.5\14.5\pbPlots.cpp(3708,16): warning C4244: 'argument': conversion from 'double' to 'const unsigned __int64', possible loss of data
D:\WK\Lab_14.5\14.5\pbPlots.cpp(3708,28): warning C4244: 'argument': conversion from 'double' to 'const unsigned __int64', possible loss of data
D:\WK\Lab_14.5\14.5\pbPlots.cpp(3722,11): warning C4244: 'argument': conversion from 'double' to 'const unsigned __int64', possible loss of data
D:\WK\Lab_14.5\14.5\pbPlots.cpp(3729,11): warning C4244: 'argument': conversion from 'double' to 'const unsigned __int64', possible loss of data
D:\WK\Lab_14.5\14.5\pbPlots.cpp(3736,11): warning C4244: 'argument': conversion from 'double' to 'unsigned __int64', possible loss of data
D:\WK\Lab_14.5\14.5\pbPlots.cpp(3746,18): warning C4244: 'argument': conversion from 'double' to 'const unsigned __int64', possible loss of data
D:\WK\Lab_14.5\14.5\pbPlots.cpp(3763,18): warning C4244: 'argument': conversion from 'double' to 'unsigned __int64', possible loss of data
D:\WK\Lab_14.5\14.5\pbPlots.cpp(3780,18): warning C4244: 'argument': conversion from 'double' to 'const unsigned __int64', possible loss of data
D:\WK\Lab_14.5\14.5\pbPlots.cpp(3797,11): warning C4244: 'argument': conversion from 'double' to 'const unsigned __int64', possible loss of data
D:\WK\Lab_14.5\14.5\pbPlots.cpp(3797,22): warning C4244: 'argument': conversion from 'double' to 'const unsigned __int64', possible loss of data
D:\WK\Lab_14.5\14.5\pbPlots.cpp(3809,11): warning C4244: 'argument': conversion from 'double' to 'unsigned __int64', possible loss of data
D:\WK\Lab_14.5\14.5\pbPlots.cpp(3809,22): warning C4244: 'argument': conversion from 'double' to 'unsigned __int64', possible loss of data
D:\WK\Lab_14.5\14.5\pbPlots.cpp(3821,11): warning C4244: 'argument': conversion from 'double' to 'const unsigned __int64', possible loss of data
D:\WK\Lab_14.5\14.5\pbPlots.cpp(3821,22): warning C4244: 'argument': conversion from 'double' to 'const unsigned __int64', possible loss of data
D:\WK\Lab_14.5\14.5\pbPlots.cpp(3833,29): warning C4244: 'argument': conversion from 'double' to 'const unsigned __int64', possible loss of data
D:\WK\Lab_14.5\14.5\pbPlots.cpp(3836,13): warning C4244: 'argument': conversion from 'double' to 'const unsigned __int64', possible loss of data
D:\WK\Lab_14.5\14.5\pbPlots.cpp(3836,29): warning C4244: 'argument': conversion from 'double' to 'const unsigned __int64', possible loss of data
D:\WK\Lab_14.5\14.5\pbPlots.cpp(3854,27): warning C4244: 'argument': conversion from 'double' to 'unsigned __int64', possible loss of data
D:\WK\Lab_14.5\14.5\pbPlots.cpp(3857,13): warning C4244: 'argument': conversion from 'double' to 'unsigned __int64', possible loss of data
D:\WK\Lab_14.5\14.5\pbPlots.cpp(3857,29): warning C4244: 'argument': conversion from 'double' to 'unsigned __int64', possible loss of data
D:\WK\Lab_14.5\14.5\pbPlots.cpp(3875,30): warning C4244: 'argument': conversion from 'double' to 'const unsigned __int64', possible loss of data
D:\WK\Lab_14.5\14.5\pbPlots.cpp(3878,13): warning C4244: 'argument': conversion from 'double' to 'const unsigned __int64', possible loss of data
D:\WK\Lab_14.5\14.5\pbPlots.cpp(3878,29): warning C4244: 'argument': conversion from 'double' to 'const unsigned __int64', possible loss of data
D:\WK\Lab_14.5\14.5\pbPlots.cpp(3895,31): warning C4244: 'argument': conversion from 'double' to 'const unsigned __int64', possible loss of data
D:\WK\Lab_14.5\14.5\pbPlots.cpp(3903,29): warning C4244: 'argument': conversion from 'double' to 'unsigned __int64', possible loss of data
D:\WK\Lab_14.5\14.5\pbPlots.cpp(3911,32): warning C4244: 'argument': conversion from 'double' to 'const unsigned __int64', possible loss of data
D:\WK\Lab_14.5\14.5\pbPlots.cpp(3919,15): warning C4244: 'argument': conversion from 'double' to 'const unsigned __int64', possible loss of data
D:\WK\Lab_14.5\14.5\pbPlots.cpp(3920,9): warning C4244: 'argument': conversion from 'double' to 'const unsigned __int64', possible loss of data
D:\WK\Lab_14.5\14.5\pbPlots.cpp(3920,21): warning C4244: 'argument': conversion from 'double' to 'const unsigned __int64', possible loss of data
D:\WK\Lab_14.5\14.5\pbPlots.cpp(3921,9): warning C4244: 'argument': conversion from 'double' to 'const unsigned __int64', possible loss of data
D:\WK\Lab_14.5\14.5\pbPlots.cpp(3926,28): warning C4244: 'argument': conversion from 'double' to 'const unsigned __int64', possible loss of data
D:\WK\Lab_14.5\14.5\pbPlots.cpp(3927,22): warning C4244: 'argument': conversion from 'double' to 'const unsigned __int64', possible loss of data
D:\WK\Lab_14.5\14.5\pbPlots.cpp(3927,47): warning C4244: 'argument': conversion from 'double' to 'const unsigned __int64', possible loss of data
D:\WK\Lab_14.5\14.5\pbPlots.cpp(3928,22): warning C4244: 'argument': conversion from 'double' to 'const unsigned __int64', possible loss of data
D:\WK\Lab_14.5\14.5\pbPlots.cpp(3958,41): warning C4244: 'argument': conversion from 'double' to 'unsigned __int64', possible loss of data
D:\WK\Lab_14.5\14.5\pbPlots.cpp(3961,27): warning C4244: 'argument': conversion from 'double' to 'unsigned __int64', possible loss of data
D:\WK\Lab_14.5\14.5\pbPlots.cpp(3999,42): warning C4244: 'argument': conversion from 'double' to 'const unsigned __int64', possible loss of data
D:\WK\Lab_14.5\14.5\pbPlots.cpp(4002,26): warning C4244: 'argument': conversion from 'double' to 'const unsigned __int64', possible loss of data
D:\WK\Lab_14.5\14.5\pbPlots.cpp(4024,38): warning C4244: 'argument': conversion from 'double' to 'const unsigned __int64', possible loss of data
D:\WK\Lab_14.5\14.5\pbPlots.cpp(4027,21): warning C4244: 'argument': conversion from 'double' to 'const unsigned __int64', possible loss of data
D:\WK\Lab_14.5\14.5\pbPlots.cpp(4049,52): warning C4244: 'argument': conversion from 'double' to 'const unsigned __int64', possible loss of data
D:\WK\Lab_14.5\14.5\pbPlots.cpp(4052,26): warning C4244: 'argument': conversion from 'double' to 'const unsigned __int64', possible loss of data
D:\WK\Lab_14.5\14.5\pbPlots.cpp(4061,50): warning C4244: 'argument': conversion from 'double' to 'const unsigned __int64', possible loss of data
D:\WK\Lab_14.5\14.5\pbPlots.cpp(4082,38): warning C4244: 'argument': conversion from 'double' to 'const unsigned __int64', possible loss of data
D:\WK\Lab_14.5\14.5\pbPlots.cpp(4141,26): warning C4244: 'argument': conversion from 'double' to 'const unsigned __int64', possible loss of data
D:\WK\Lab_14.5\14.5\pbPlots.cpp(4141,36): warning C4244: 'argument': conversion from 'double' to 'const unsigned __int64', possible loss of data
D:\WK\Lab_14.5\14.5\pbPlots.cpp(4152,33): warning C4244: 'argument': conversion from 'double' to 'unsigned __int64', possible loss of data
D:\WK\Lab_14.5\14.5\pbPlots.cpp(4152,43): warning C4244: 'argument': conversion from 'double' to 'unsigned __int64', possible loss of data
D:\WK\Lab_14.5\14.5\pbPlots.cpp(4163,32): warning C4244: 'argument': conversion from 'double' to 'const unsigned __int64', possible loss of data
D:\WK\Lab_14.5\14.5\pbPlots.cpp(4163,50): warning C4244: 'argument': conversion from 'double' to 'const unsigned __int64', possible loss of data
D:\WK\Lab_14.5\14.5\pbPlots.cpp(4217,30): warning C4244: 'argument': conversion from 'double' to 'const unsigned __int64', possible loss of data
D:\WK\Lab_14.5\14.5\pbPlots.cpp(4222,40): warning C4244: 'argument': conversion from 'double' to 'const unsigned __int64', possible loss of data
D:\WK\Lab_14.5\14.5\pbPlots.cpp(4258,63): warning C4244: 'argument': conversion from 'double' to 'const unsigned __int64', possible loss of data
D:\WK\Lab_14.5\14.5\pbPlots.cpp(4284,35): warning C4244: 'argument': conversion from 'double' to 'const unsigned __int64', possible loss of data
D:\WK\Lab_14.5\14.5\pbPlots.cpp(4289,19): warning C4244: 'argument': conversion from 'double' to 'const unsigned __int64', possible loss of data
D:\WK\Lab_14.5\14.5\pbPlots.cpp(4292,27): warning C4244: 'argument': conversion from 'double' to 'const unsigned __int64', possible loss of data
D:\WK\Lab_14.5\14.5\pbPlots.cpp(4292,37): warning C4244: 'argument': conversion from 'double' to 'const unsigned __int64', possible loss of data
D:\WK\Lab_14.5\14.5\pbPlots.cpp(4293,21): warning C4244: 'argument': conversion from 'double' to 'const unsigned __int64', possible loss of data
D:\WK\Lab_14.5\14.5\pbPlots.cpp(4295,21): warning C4244: 'argument': conversion from 'double' to 'const unsigned __int64', possible loss of data
D:\WK\Lab_14.5\14.5\pbPlots.cpp(4297,21): warning C4244: 'argument': conversion from 'double' to 'const unsigned __int64', possible loss of data
D:\WK\Lab_14.5\14.5\pbPlots.cpp(4299,21): warning C4244: 'argument': conversion from 'double' to 'const unsigned __int64', possible loss of data
D:\WK\Lab_14.5\14.5\pbPlots.cpp(4313,35): warning C4244: 'argument': conversion from 'double' to 'const unsigned __int64', possible loss of data
D:\WK\Lab_14.5\14.5\pbPlots.cpp(4318,19): warning C4244: 'argument': conversion from 'double' to 'const unsigned __int64', possible loss of data
D:\WK\Lab_14.5\14.5\pbPlots.cpp(4321,27): warning C4244: 'argument': conversion from 'double' to 'const unsigned __int64', possible loss of data
D:\WK\Lab_14.5\14.5\pbPlots.cpp(4321,37): warning C4244: 'argument': conversion from 'double' to 'const unsigned __int64', possible loss of data
D:\WK\Lab_14.5\14.5\pbPlots.cpp(4322,21): warning C4244: 'argument': conversion from 'double' to 'const unsigned __int64', possible loss of data
D:\WK\Lab_14.5\14.5\pbPlots.cpp(4349,27): warning C4244: 'argument': conversion from 'double' to 'const unsigned __int64', possible loss of data
D:\WK\Lab_14.5\14.5\pbPlots.cpp(4368,16): warning C4244: 'argument': conversion from 'double' to 'const unsigned __int64', possible loss of data
D:\WK\Lab_14.5\14.5\pbPlots.cpp(4374,34): warning C4244: 'argument': conversion from 'double' to 'const unsigned __int64', possible loss of data
D:\WK\Lab_14.5\14.5\pbPlots.cpp(4378,16): warning C4244: 'argument': conversion from 'double' to 'const unsigned __int64', possible loss of data
D:\WK\Lab_14.5\14.5\pbPlots.cpp(4381,22): warning C4244: 'argument': conversion from 'double' to 'const unsigned __int64', possible loss of data
D:\WK\Lab_14.5\14.5\pbPlots.cpp(4381,45): warning C4244: 'argument': conversion from 'double' to 'const unsigned __int64', possible loss of data
D:\WK\Lab_14.5\14.5\pbPlots.cpp(4401,16): warning C4244: 'argument': conversion from 'double' to 'const unsigned __int64', possible loss of data
D:\WK\Lab_14.5\14.5\pbPlots.cpp(4463,28): warning C4244: 'argument': conversion from 'double' to 'const unsigned __int64', possible loss of data
D:\WK\Lab_14.5\14.5\pbPlots.cpp(4465,12): warning C4244: 'argument': conversion from 'double' to 'const unsigned __int64', possible loss of data
D:\WK\Lab_14.5\14.5\pbPlots.cpp(4476,34): warning C4244: 'argument': conversion from 'double' to 'const unsigned __int64', possible loss of data
D:\WK\Lab_14.5\14.5\pbPlots.cpp(4477,28): warning C4244: '=': conversion from 'double' to '_Ty', possible loss of data
          with
          [
              _Ty=wchar_t
          ]
D:\WK\Lab_14.5\14.5\pbPlots.cpp(4478,28): warning C4244: '=': conversion from 'double' to '_Ty', possible loss of data
          with
          [
              _Ty=wchar_t
          ]
D:\WK\Lab_14.5\14.5\pbPlots.cpp(4479,28): warning C4244: '=': conversion from 'double' to '_Ty', possible loss of data
          with
          [
              _Ty=wchar_t
          ]
D:\WK\Lab_14.5\14.5\pbPlots.cpp(4480,28): warning C4244: '=': conversion from 'double' to '_Ty', possible loss of data
          with
          [
              _Ty=wchar_t
          ]
D:\WK\Lab_14.5\14.5\pbPlots.cpp(4490,35): warning C4244: 'argument': conversion from 'double' to 'const unsigned __int64', possible loss of data
D:\WK\Lab_14.5\14.5\pbPlots.cpp(4490,50): warning C4244: 'argument': conversion from 'double' to 'const unsigned __int64', possible loss of data
D:\WK\Lab_14.5\14.5\pbPlots.cpp(4495,19): warning C4244: 'argument': conversion from 'double' to 'const unsigned __int64', possible loss of data
D:\WK\Lab_14.5\14.5\pbPlots.cpp(4523,28): warning C4244: 'argument': conversion from 'double' to 'const unsigned __int64', possible loss of data
D:\WK\Lab_14.5\14.5\pbPlots.cpp(4526,13): warning C4244: 'argument': conversion from 'double' to 'const unsigned __int64', possible loss of data
D:\WK\Lab_14.5\14.5\pbPlots.cpp(4526,34): warning C4244: 'argument': conversion from 'double' to 'const unsigned __int64', possible loss of data
D:\WK\Lab_14.5\14.5\pbPlots.cpp(4547,19): warning C4244: 'argument': conversion from 'double' to 'const unsigned __int64', possible loss of data
D:\WK\Lab_14.5\14.5\pbPlots.cpp(4547,31): warning C4244: 'argument': conversion from 'double' to 'const unsigned __int64', possible loss of data
D:\WK\Lab_14.5\14.5\pbPlots.cpp(4551,30): warning C4244: 'argument': conversion from 'double' to 'const unsigned __int64', possible loss of data
D:\WK\Lab_14.5\14.5\pbPlots.cpp(4551,44): warning C4244: 'argument': conversion from 'double' to 'const unsigned __int64', possible loss of data
D:\WK\Lab_14.5\14.5\pbPlots.cpp(4568,51): warning C4244: 'argument': conversion from 'double' to 'const unsigned __int64', possible loss of data
D:\WK\Lab_14.5\14.5\pbPlots.cpp(4571,19): warning C4244: 'argument': conversion from 'double' to 'const unsigned __int64', possible loss of data
D:\WK\Lab_14.5\14.5\pbPlots.cpp(4571,35): warning C4244: 'argument': conversion from 'double' to 'const unsigned __int64', possible loss of data
D:\WK\Lab_14.5\14.5\pbPlots.cpp(4582,42): warning C4244: 'argument': conversion from 'double' to 'const unsigned __int64', possible loss of data
D:\WK\Lab_14.5\14.5\pbPlots.cpp(4597,19): warning C4244: 'argument': conversion from 'double' to 'const unsigned __int64', possible loss of data
D:\WK\Lab_14.5\14.5\pbPlots.cpp(4624,26): warning C4244: 'argument': conversion from 'double' to 'const unsigned __int64', possible loss of data
D:\WK\Lab_14.5\14.5\pbPlots.cpp(4624,48): warning C4244: 'argument': conversion from 'double' to 'const unsigned __int64', possible loss of data
D:\WK\Lab_14.5\14.5\pbPlots.cpp(4654,19): warning C4244: 'argument': conversion from 'double' to 'const unsigned __int64', possible loss of data
D:\WK\Lab_14.5\14.5\pbPlots.cpp(4668,16): warning C4244: 'argument': conversion from 'double' to 'const unsigned __int64', possible loss of data
D:\WK\Lab_14.5\14.5\pbPlots.cpp(4668,48): warning C4244: 'argument': conversion from 'double' to 'const unsigned __int64', possible loss of data
D:\WK\Lab_14.5\14.5\pbPlots.cpp(4675,16): warning C4244: 'argument': conversion from 'double' to 'const unsigned __int64', possible loss of data
D:\WK\Lab_14.5\14.5\pbPlots.cpp(4675,48): warning C4244: 'argument': conversion from 'double' to 'const unsigned __int64', possible loss of data
D:\WK\Lab_14.5\14.5\pbPlots.cpp(4685,32): warning C4244: 'argument': conversion from 'double' to 'const unsigned __int64', possible loss of data
D:\WK\Lab_14.5\14.5\pbPlots.cpp(4685,61): warning C4244: 'argument': conversion from 'double' to 'const unsigned __int64', possible loss of data
D:\WK\Lab_14.5\14.5\pbPlots.cpp(4702,33): warning C4244: 'argument': conversion from 'double' to 'const unsigned __int64', possible loss of data
D:\WK\Lab_14.5\14.5\pbPlots.cpp(4714,56): warning C4244: 'argument': conversion from 'double' to 'const unsigned __int64', possible loss of data
D:\WK\Lab_14.5\14.5\pbPlots.cpp(4725,33): warning C4244: 'argument': conversion from 'double' to 'const unsigned __int64', possible loss of data
D:\WK\Lab_14.5\14.5\pbPlots.cpp(4728,19): warning C4244: 'argument': conversion from 'double' to 'const unsigned __int64', possible loss of data
D:\WK\Lab_14.5\14.5\pbPlots.cpp(4731,56): warning C4244: 'argument': conversion from 'double' to 'const unsigned __int64', possible loss of data
D:\WK\Lab_14.5\14.5\pbPlots.cpp(4746,36): warning C4244: 'argument': conversion from 'double' to 'const unsigned __int64', possible loss of data
D:\WK\Lab_14.5\14.5\pbPlots.cpp(4754,43): warning C4244: '=': conversion from 'unsigned __int64' to 'double', possible loss of data
D:\WK\Lab_14.5\14.5\pbPlots.cpp(4757,36): warning C4244: 'argument': conversion from 'double' to 'const unsigned __int64', possible loss of data
D:\WK\Lab_14.5\14.5\pbPlots.cpp(4767,35): warning C4244: 'argument': conversion from 'double' to 'const unsigned __int64', possible loss of data
D:\WK\Lab_14.5\14.5\pbPlots.cpp(4787,61): warning C4244: 'argument': conversion from 'unsigned __int64' to 'double', possible loss of data
D:\WK\Lab_14.5\14.5\pbPlots.cpp(4799,41): warning C4244: 'argument': conversion from 'double' to 'const unsigned __int64', possible loss of data
D:\WK\Lab_14.5\14.5\pbPlots.cpp(4801,31): warning C4244: 'argument': conversion from 'double' to 'const unsigned __int64', possible loss of data
D:\WK\Lab_14.5\14.5\pbPlots.cpp(4803,21): warning C4244: 'argument': conversion from 'double' to 'const unsigned __int64', possible loss of data
D:\WK\Lab_14.5\14.5\pbPlots.cpp(4809,35): warning C4244: 'argument': conversion from 'double' to 'const unsigned __int64', possible loss of data
D:\WK\Lab_14.5\14.5\pbPlots.cpp(4835,16): warning C4244: 'argument': conversion from 'double' to 'const unsigned __int64', possible loss of data
D:\WK\Lab_14.5\14.5\pbPlots.cpp(4835,28): warning C4244: 'argument': conversion from 'double' to 'const unsigned __int64', possible loss of data
D:\WK\Lab_14.5\14.5\pbPlots.cpp(4838,38): warning C4244: 'argument': conversion from 'double' to 'const unsigned __int64', possible loss of data
D:\WK\Lab_14.5\14.5\pbPlots.cpp(4838,48): warning C4244: 'argument': conversion from 'double' to 'const unsigned __int64', possible loss of data
D:\WK\Lab_14.5\14.5\pbPlots.cpp(4841,38): warning C4244: 'argument': conversion from 'double' to 'const unsigned __int64', possible loss of data
D:\WK\Lab_14.5\14.5\pbPlots.cpp(4841,48): warning C4244: 'argument': conversion from 'double' to 'const unsigned __int64', possible loss of data
D:\WK\Lab_14.5\14.5\pbPlots.cpp(4859,27): warning C4244: 'argument': conversion from 'double' to 'const unsigned __int64', possible loss of data
D:\WK\Lab_14.5\14.5\pbPlots.cpp(4862,11): warning C4244: 'argument': conversion from 'double' to 'const unsigned __int64', possible loss of data
D:\WK\Lab_14.5\14.5\pbPlots.cpp(4890,27): warning C4244: 'argument': conversion from 'double' to 'const unsigned __int64', possible loss of data
D:\WK\Lab_14.5\14.5\pbPlots.cpp(4907,20): warning C4244: 'argument': conversion from 'double' to 'const unsigned __int64', possible loss of data
D:\WK\Lab_14.5\14.5\pbPlots.cpp(4911,20): warning C4244: 'argument': conversion from 'double' to 'const unsigned __int64', possible loss of data
D:\WK\Lab_14.5\14.5\pbPlots.cpp(4913,20): warning C4244: 'argument': conversion from 'double' to 'const unsigned __int64', possible loss of data
D:\WK\Lab_14.5\14.5\pbPlots.cpp(4917,20): warning C4244: 'argument': conversion from 'double' to 'const unsigned __int64', possible loss of data
D:\WK\Lab_14.5\14.5\pbPlots.cpp(4919,20): warning C4244: 'argument': conversion from 'double' to 'const unsigned __int64', possible loss of data
D:\WK\Lab_14.5\14.5\pbPlots.cpp(4921,20): warning C4244: 'argument': conversion from 'double' to 'const unsigned __int64', possible loss of data
D:\WK\Lab_14.5\14.5\pbPlots.cpp(4923,20): warning C4244: 'argument': conversion from 'double' to 'const unsigned __int64', possible loss of data
D:\WK\Lab_14.5\14.5\pbPlots.cpp(4927,20): warning C4244: 'argument': conversion from 'double' to 'const unsigned __int64', possible loss of data
D:\WK\Lab_14.5\14.5\pbPlots.cpp(4929,20): warning C4244: 'argument': conversion from 'double' to 'const unsigned __int64', possible loss of data
D:\WK\Lab_14.5\14.5\pbPlots.cpp(4933,20): warning C4244: 'argument': conversion from 'double' to 'const unsigned __int64', possible loss of data
D:\WK\Lab_14.5\14.5\pbPlots.cpp(4935,20): warning C4244: 'argument': conversion from 'double' to 'const unsigned __int64', possible loss of data
D:\WK\Lab_14.5\14.5\pbPlots.cpp(4937,20): warning C4244: 'argument': conversion from 'double' to 'const unsigned __int64', possible loss of data
D:\WK\Lab_14.5\14.5\pbPlots.cpp(4939,20): warning C4244: 'argument': conversion from 'double' to 'const unsigned __int64', possible loss of data
D:\WK\Lab_14.5\14.5\pbPlots.cpp(4946,16): warning C4244: 'argument': conversion from 'double' to 'const unsigned __int64', possible loss of data
D:\WK\Lab_14.5\14.5\pbPlots.cpp(4954,34): warning C4244: 'argument': conversion from 'double' to 'const unsigned __int64', possible loss of data
D:\WK\Lab_14.5\14.5\pbPlots.cpp(4965,18): warning C4244: 'argument': conversion from 'double' to 'const unsigned __int64', possible loss of data
D:\WK\Lab_14.5\14.5\pbPlots.cpp(4974,44): warning C4244: 'argument': conversion from 'double' to 'const unsigned __int64', possible loss of data
D:\WK\Lab_14.5\14.5\pbPlots.cpp(4975,34): warning C4244: 'argument': conversion from 'double' to 'const unsigned __int64', possible loss of data
D:\WK\Lab_14.5\14.5\pbPlots.cpp(4995,33): warning C4244: 'argument': conversion from 'double' to 'const unsigned __int64', possible loss of data
D:\WK\Lab_14.5\14.5\pbPlots.cpp(4998,17): warning C4244: 'argument': conversion from 'double' to 'const unsigned __int64', possible loss of data
D:\WK\Lab_14.5\14.5\pbPlots.cpp(4998,36): warning C4244: 'argument': conversion from 'double' to 'const unsigned __int64', possible loss of data
D:\WK\Lab_14.5\14.5\pbPlots.cpp(5035,46): warning C4244: 'argument': conversion from 'double' to 'const unsigned __int64', possible loss of data
D:\WK\Lab_14.5\14.5\pbPlots.cpp(5037,17): warning C4244: 'argument': conversion from 'double' to 'const unsigned __int64', possible loss of data
D:\WK\Lab_14.5\14.5\pbPlots.cpp(5037,31): warning C4244: 'argument': conversion from 'double' to 'const unsigned __int64', possible loss of data
D:\WK\Lab_14.5\14.5\pbPlots.cpp(5052,46): warning C4244: 'argument': conversion from 'double' to 'const unsigned __int64', possible loss of data
D:\WK\Lab_14.5\14.5\pbPlots.cpp(5057,21): warning C4244: 'argument': conversion from 'double' to 'const unsigned __int64', possible loss of data
D:\WK\Lab_14.5\14.5\pbPlots.cpp(5057,35): warning C4244: 'argument': conversion from 'double' to 'const unsigned __int64', possible loss of data
D:\WK\Lab_14.5\14.5\pbPlots.cpp(5060,23): warning C4244: 'argument': conversion from 'double' to 'const unsigned __int64', possible loss of data
D:\WK\Lab_14.5\14.5\pbPlots.cpp(5060,41): warning C4244: 'argument': conversion from 'double' to 'const unsigned __int64', possible loss of data
D:\WK\Lab_14.5\14.5\pbPlots.cpp(5072,32): warning C4244: 'argument': conversion from 'double' to 'const unsigned __int64', possible loss of data
D:\WK\Lab_14.5\14.5\pbPlots.cpp(5081,56): warning C4244: 'argument': conversion from 'double' to 'const unsigned __int64', possible loss of data
D:\WK\Lab_14.5\14.5\pbPlots.cpp(5084,17): warning C4244: 'argument': conversion from 'double' to 'const unsigned __int64', possible loss of data
D:\WK\Lab_14.5\14.5\pbPlots.cpp(5084,31): warning C4244: 'argument': conversion from 'double' to 'const unsigned __int64', possible loss of data
D:\WK\Lab_14.5\14.5\pbPlots.cpp(5099,56): warning C4244: 'argument': conversion from 'double' to 'const unsigned __int64', possible loss of data
D:\WK\Lab_14.5\14.5\pbPlots.cpp(5104,21): warning C4244: 'argument': conversion from 'double' to 'const unsigned __int64', possible loss of data
D:\WK\Lab_14.5\14.5\pbPlots.cpp(5104,35): warning C4244: 'argument': conversion from 'double' to 'const unsigned __int64', possible loss of data
D:\WK\Lab_14.5\14.5\pbPlots.cpp(5107,23): warning C4244: 'argument': conversion from 'double' to 'const unsigned __int64', possible loss of data
D:\WK\Lab_14.5\14.5\pbPlots.cpp(5107,41): warning C4244: 'argument': conversion from 'double' to 'const unsigned __int64', possible loss of data
D:\WK\Lab_14.5\14.5\pbPlots.cpp(5119,32): warning C4244: 'argument': conversion from 'double' to 'const unsigned __int64', possible loss of data
D:\WK\Lab_14.5\14.5\pbPlots.cpp(5128,44): warning C4244: 'argument': conversion from 'double' to 'unsigned __int64', possible loss of data
D:\WK\Lab_14.5\14.5\pbPlots.cpp(5130,17): warning C4244: 'argument': conversion from 'double' to 'unsigned __int64', possible loss of data
D:\WK\Lab_14.5\14.5\pbPlots.cpp(5130,31): warning C4244: 'argument': conversion from 'double' to 'unsigned __int64', possible loss of data
D:\WK\Lab_14.5\14.5\pbPlots.cpp(5145,44): warning C4244: 'argument': conversion from 'double' to 'unsigned __int64', possible loss of data
D:\WK\Lab_14.5\14.5\pbPlots.cpp(5150,21): warning C4244: 'argument': conversion from 'double' to 'unsigned __int64', possible loss of data
D:\WK\Lab_14.5\14.5\pbPlots.cpp(5150,35): warning C4244: 'argument': conversion from 'double' to 'unsigned __int64', possible loss of data
D:\WK\Lab_14.5\14.5\pbPlots.cpp(5153,23): warning C4244: 'argument': conversion from 'double' to 'unsigned __int64', possible loss of data
D:\WK\Lab_14.5\14.5\pbPlots.cpp(5153,41): warning C4244: 'argument': conversion from 'double' to 'unsigned __int64', possible loss of data
D:\WK\Lab_14.5\14.5\pbPlots.cpp(5165,33): warning C4244: 'argument': conversion from 'double' to 'unsigned __int64', possible loss of data
D:\WK\Lab_14.5\14.5\pbPlots.cpp(5196,41): warning C4244: 'argument': conversion from 'double' to 'const unsigned __int64', possible loss of data
D:\WK\Lab_14.5\14.5\pbPlots.cpp(5199,15): warning C4244: 'argument': conversion from 'double' to 'const unsigned __int64', possible loss of data
D:\WK\Lab_14.5\14.5\pbPlots.cpp(5200,15): warning C4244: 'argument': conversion from 'double' to 'const unsigned __int64', possible loss of data
D:\WK\Lab_14.5\14.5\pbPlots.cpp(5246,41): warning C4244: 'argument': conversion from 'double' to 'const unsigned __int64', possible loss of data
D:\WK\Lab_14.5\14.5\pbPlots.cpp(5248,13): warning C4244: 'argument': conversion from 'double' to 'const unsigned __int64', possible loss of data
D:\WK\Lab_14.5\14.5\pbPlots.cpp(5354,35): warning C4244: 'argument': conversion from 'double' to 'const unsigned __int64', possible loss of data
D:\WK\Lab_14.5\14.5\pbPlots.cpp(5367,31): warning C4244: 'argument': conversion from 'double' to 'const unsigned __int64', possible loss of data
D:\WK\Lab_14.5\14.5\pbPlots.cpp(5370,15): warning C4244: 'argument': conversion from 'double' to 'const unsigned __int64', possible loss of data
D:\WK\Lab_14.5\14.5\pbPlots.cpp(5383,39): warning C4244: 'argument': conversion from 'double' to 'const unsigned __int64', possible loss of data
D:\WK\Lab_14.5\14.5\pbPlots.cpp(5440,32): warning C4244: 'argument': conversion from 'double' to 'const unsigned __int64', possible loss of data
D:\WK\Lab_14.5\14.5\pbPlots.cpp(5443,15): warning C4244: 'argument': conversion from 'double' to 'const unsigned __int64', possible loss of data
D:\WK\Lab_14.5\14.5\pbPlots.cpp(5479,35): warning C4244: 'argument': conversion from 'double' to 'const unsigned __int64', possible loss of data
D:\WK\Lab_14.5\14.5\pbPlots.cpp(5488,35): warning C4244: 'argument': conversion from 'double' to 'const unsigned __int64', possible loss of data
D:\WK\Lab_14.5\14.5\pbPlots.cpp(5498,19): warning C4244: 'argument': conversion from 'double' to 'const unsigned __int64', possible loss of data
D:\WK\Lab_14.5\14.5\pbPlots.cpp(5506,34): warning C4244: 'argument': conversion from 'double' to 'const unsigned __int64', possible loss of data
D:\WK\Lab_14.5\14.5\pbPlots.cpp(5509,18): warning C4244: 'argument': conversion from 'double' to 'const unsigned __int64', possible loss of data
D:\WK\Lab_14.5\14.5\pbPlots.cpp(5509,37): warning C4244: 'argument': conversion from 'double' to 'const unsigned __int64', possible loss of data
D:\WK\Lab_14.5\14.5\pbPlots.cpp(5532,34): warning C4244: 'argument': conversion from 'double' to 'const unsigned __int64', possible loss of data
D:\WK\Lab_14.5\14.5\pbPlots.cpp(5535,18): warning C4244: 'argument': conversion from 'double' to 'const unsigned __int64', possible loss of data
D:\WK\Lab_14.5\14.5\pbPlots.cpp(5535,37): warning C4244: 'argument': conversion from 'double' to 'const unsigned __int64', possible loss of data
D:\WK\Lab_14.5\14.5\pbPlots.cpp(5543,24): warning C4244: 'argument': conversion from 'double' to 'const unsigned __int64', possible loss of data
D:\WK\Lab_14.5\14.5\pbPlots.cpp(5556,19): warning C4244: 'argument': conversion from 'double' to 'const unsigned __int64', possible loss of data
D:\WK\Lab_14.5\14.5\pbPlots.cpp(5556,40): warning C4244: 'argument': conversion from 'double' to 'const unsigned __int64', possible loss of data
D:\WK\Lab_14.5\14.5\pbPlots.cpp(5559,17): warning C4244: 'argument': conversion from 'double' to 'const unsigned __int64', possible loss of data
D:\WK\Lab_14.5\14.5\pbPlots.cpp(5564,17): warning C4244: 'argument': conversion from 'double' to 'const unsigned __int64', possible loss of data
D:\WK\Lab_14.5\14.5\pbPlots.cpp(5570,19): warning C4244: 'argument': conversion from 'double' to 'const unsigned __int64', possible loss of data
D:\WK\Lab_14.5\14.5\pbPlots.cpp(5570,40): warning C4244: 'argument': conversion from 'double' to 'const unsigned __int64', possible loss of data
D:\WK\Lab_14.5\14.5\pbPlots.cpp(5587,33): warning C4244: 'argument': conversion from 'double' to 'const unsigned __int64', possible loss of data
D:\WK\Lab_14.5\14.5\pbPlots.cpp(5590,15): warning C4244: 'argument': conversion from 'double' to 'const unsigned __int64', possible loss of data
D:\WK\Lab_14.5\14.5\pbPlots.cpp(5590,34): warning C4244: 'argument': conversion from 'double' to 'const unsigned __int64', possible loss of data
D:\WK\Lab_14.5\14.5\pbPlots.cpp(5609,18): warning C4244: '=': conversion from 'unsigned __int64' to 'double', possible loss of data
D:\WK\Lab_14.5\14.5\pbPlots.cpp(5616,19): warning C4244: 'argument': conversion from 'double' to 'const unsigned __int64', possible loss of data
D:\WK\Lab_14.5\14.5\pbPlots.cpp(5616,34): warning C4244: 'argument': conversion from 'double' to 'const unsigned __int64', possible loss of data
D:\WK\Lab_14.5\14.5\pbPlots.cpp(5626,27): warning C4244: '=': conversion from 'unsigned __int64' to 'double', possible loss of data
D:\WK\Lab_14.5\14.5\pbPlots.cpp(5637,23): warning C4244: 'argument': conversion from 'double' to 'const unsigned __int64', possible loss of data
D:\WK\Lab_14.5\14.5\pbPlots.cpp(5637,42): warning C4244: 'argument': conversion from 'double' to 'const unsigned __int64', possible loss of data
D:\WK\Lab_14.5\14.5\pbPlots.cpp(5654,43): warning C4244: 'argument': conversion from 'double' to 'const unsigned __int64', possible loss of data
D:\WK\Lab_14.5\14.5\pbPlots.cpp(5669,37): warning C4244: 'argument': conversion from 'double' to 'const unsigned __int64', possible loss of data
D:\WK\Lab_14.5\14.5\pbPlots.cpp(5672,19): warning C4244: 'argument': conversion from 'double' to 'const unsigned __int64', possible loss of data
D:\WK\Lab_14.5\14.5\pbPlots.cpp(5682,47): warning C4244: 'argument': conversion from 'double' to 'const unsigned __int64', possible loss of data
D:\WK\Lab_14.5\14.5\pbPlots.cpp(5684,17): warning C4244: 'argument': conversion from 'double' to 'const unsigned __int64', possible loss of data
D:\WK\Lab_14.5\14.5\pbPlots.cpp(5684,31): warning C4244: 'argument': conversion from 'double' to 'const unsigned __int64', possible loss of data
D:\WK\Lab_14.5\14.5\pbPlots.cpp(5699,47): warning C4244: 'argument': conversion from 'double' to 'const unsigned __int64', possible loss of data
D:\WK\Lab_14.5\14.5\pbPlots.cpp(5704,21): warning C4244: 'argument': conversion from 'double' to 'const unsigned __int64', possible loss of data
D:\WK\Lab_14.5\14.5\pbPlots.cpp(5704,35): warning C4244: 'argument': conversion from 'double' to 'const unsigned __int64', possible loss of data
D:\WK\Lab_14.5\14.5\pbPlots.cpp(5707,23): warning C4244: 'argument': conversion from 'double' to 'const unsigned __int64', possible loss of data
D:\WK\Lab_14.5\14.5\pbPlots.cpp(5707,41): warning C4244: 'argument': conversion from 'double' to 'const unsigned __int64', possible loss of data
D:\WK\Lab_14.5\14.5\pbPlots.cpp(5719,27): warning C4244: 'argument': conversion from 'double' to 'const unsigned __int64', possible loss of data
D:\WK\Lab_14.5\14.5\pbPlots.cpp(6334,16): warning C4244: 'argument': conversion from 'double' to 'const unsigned __int64', possible loss of data
D:\WK\Lab_14.5\14.5\pbPlots.cpp(6359,34): warning C4244: 'argument': conversion from 'double' to 'const unsigned __int64', possible loss of data
D:\WK\Lab_14.5\14.5\pbPlots.cpp(6348,18): warning C4101: 'i': unreferenced local variable
D:\WK\Lab_14.5\14.5\pbPlots.cpp(6376,16): warning C4244: 'argument': conversion from 'double' to 'const unsigned __int64', possible loss of data
D:\WK\Lab_14.5\14.5\pbPlots.cpp(6398,27): warning C4244: 'argument': conversion from 'double' to 'const unsigned __int64', possible loss of data
D:\WK\Lab_14.5\14.5\pbPlots.cpp(6427,35): warning C4244: 'argument': conversion from 'double' to 'const unsigned __int64', possible loss of data
D:\WK\Lab_14.5\14.5\pbPlots.cpp(6447,44): warning C4244: 'argument': conversion from 'double' to 'const unsigned __int64', possible loss of data
D:\WK\Lab_14.5\14.5\pbPlots.cpp(6496,23): warning C4244: 'argument': conversion from 'double' to 'const unsigned __int64', possible loss of data
D:\WK\Lab_14.5\14.5\pbPlots.cpp(6496,44): warning C4244: 'argument': conversion from 'double' to 'const unsigned __int64', possible loss of data
D:\WK\Lab_14.5\14.5\pbPlots.cpp(6524,34): warning C4244: 'argument': conversion from 'double' to 'const unsigned __int64', possible loss of data
D:\WK\Lab_14.5\14.5\pbPlots.cpp(6527,15): warning C4244: 'argument': conversion from 'double' to 'const unsigned __int64', possible loss of data
D:\WK\Lab_14.5\14.5\pbPlots.cpp(6556,53): warning C4244: 'argument': conversion from 'double' to 'const unsigned __int64', possible loss of data
D:\WK\Lab_14.5\14.5\pbPlots.cpp(6569,55): warning C4244: 'argument': conversion from 'double' to 'const unsigned __int64', possible loss of data
D:\WK\Lab_14.5\14.5\pbPlots.cpp(6592,44): warning C4244: 'argument': conversion from 'double' to 'const unsigned __int64', possible loss of data
D:\WK\Lab_14.5\14.5\pbPlots.cpp(6684,44): warning C4244: 'argument': conversion from 'double' to 'const unsigned __int64', possible loss of data
D:\WK\Lab_14.5\14.5\pbPlots.cpp(6697,17): warning C4244: 'argument': conversion from 'double' to 'const unsigned __int64', possible loss of data
D:\WK\Lab_14.5\14.5\pbPlots.cpp(6697,46): warning C4244: 'argument': conversion from 'double' to 'const unsigned __int64', possible loss of data
D:\WK\Lab_14.5\14.5\pbPlots.cpp(6706,17): warning C4244: 'argument': conversion from 'double' to 'const unsigned __int64', possible loss of data
D:\WK\Lab_14.5\14.5\pbPlots.cpp(6706,46): warning C4244: 'argument': conversion from 'double' to 'const unsigned __int64', possible loss of data
D:\WK\Lab_14.5\14.5\pbPlots.cpp(6727,17): warning C4244: 'argument': conversion from 'double' to 'const unsigned __int64', possible loss of data
D:\WK\Lab_14.5\14.5\pbPlots.cpp(6727,46): warning C4244: 'argument': conversion from 'double' to 'const unsigned __int64', possible loss of data
D:\WK\Lab_14.5\14.5\pbPlots.cpp(6741,17): warning C4244: 'argument': conversion from 'double' to 'const unsigned __int64', possible loss of data
D:\WK\Lab_14.5\14.5\pbPlots.cpp(6741,46): warning C4244: 'argument': conversion from 'double' to 'const unsigned __int64', possible loss of data
  supportLib.cpp
D:\WK\Lab_14.5\14.5\supportLib.cpp(12,20): warning C4244: '=': conversion from '_Ty' to 'unsigned char', possible loss of data
          with
          [
              _Ty=double
          ]
  Generating Code...
  14.5.vcxproj -> D:\WK\Lab_14.5\14.5\x64\Debug\14.5.exe
