c:\labs\14.5\14.5\x64\debug\vc143.pdb
c:\labs\14.5\14.5\x64\debug\vc143.idb
c:\labs\14.5\14.5\x64\debug\supportlib.obj
c:\labs\14.5\14.5\x64\debug\funcinfo.obj
c:\labs\14.5\14.5\x64\debug\pbplots.obj
c:\labs\14.5\14.5\x64\debug\main.obj
c:\labs\14.5\14.5\x64\debug\func.obj
c:\labs\14.5\x64\debug\14.5.exe
c:\labs\14.5\14.5\x64\debug\14.5.ilk
c:\labs\14.5\x64\debug\14.5.pdb
d:\wk\lab_14.5\14.5\x64\debug\func.obj
d:\wk\lab_14.5\14.5\x64\debug\funcinfo.obj
d:\wk\lab_14.5\14.5\x64\debug\main.obj
d:\wk\lab_14.5\14.5\x64\debug\pbplots.obj
d:\wk\lab_14.5\14.5\x64\debug\supportlib.obj
d:\wk\lab_14.5\14.5\x64\debug\14.5.ilk
d:\wk\lab_14.5\14.5\x64\debug\vc143.idb
d:\wk\lab_14.5\14.5\x64\debug\vc143.pdb
d:\wk\lab_14.5\14.5\x64\debug\14.5.tlog\cl.command.1.tlog
d:\wk\lab_14.5\14.5\x64\debug\14.5.tlog\cl.read.1.tlog
d:\wk\lab_14.5\14.5\x64\debug\14.5.tlog\cl.write.1.tlog
d:\wk\lab_14.5\14.5\x64\debug\14.5.tlog\link.command.1.tlog
d:\wk\lab_14.5\14.5\x64\debug\14.5.tlog\link.read.1.tlog
d:\wk\lab_14.5\14.5\x64\debug\14.5.tlog\link.write.1.tlog
